<?xml version="1.0" encoding="UTF-8"?>
<!-- Generated by org.testng.reporters.JUnitXMLReporter -->
<testsuite ignored="0" hostname="DESKTOP-A2RUCRK" failures="1" tests="18" name="Test" time="51.976" errors="0" timestamp="2022-09-20T16:38:43 IST">
  <testcase classname="testNg.Sampletestcase" name="firstTetcase" time="0.02"/>
  <testcase classname="testNg.Sampletestcase" name="fourthTetcase" time="0.003"/>
  <testcase classname="testNg.Sampletestcase" name="secondTetcase" time="0.002"/>
  <testcase classname="testNg.Sampletestcase" name="thirdTetcase" time="0.006"/>
  <testcase classname="testNg.Suiteexample" name="openbing" time="2.249"/>
  <testcase classname="testNg.Suiteexample" name="opengoogle" time="5.677"/>
  <testcase classname="testNg.Suiteexample" name="openyahoo" time="4.251">
    <failure type="org.openqa.selenium.WebDriverException" message="unknown error: net::ERR_NAME_NOT_RESOLVED
  (Session info: chrome=105.0.5195.127)
Build info: version: &amp;apos;3.11.0&amp;apos;, revision: &amp;apos;e59cfb3&amp;apos;, time: &amp;apos;2018-03-11T20:26:55.152Z&amp;apos;
System info: host: &amp;apos;DESKTOP-A2RUCRK&amp;apos;, ip: &amp;apos;192.168.1.3&amp;apos;, os.name: &amp;apos;Windows 10&amp;apos;, os.arch: &amp;apos;amd64&amp;apos;, os.version: &amp;apos;10.0&amp;apos;, java.version: &amp;apos;18.0.1&amp;apos;
Driver info: org.openqa.selenium.chrome.ChromeDriver
Capabilities {acceptInsecureCerts: false, browserName: chrome, browserVersion: 105.0.5195.127, chrome: {chromedriverVersion: 104.0.5112.20 (9ac43f954ebb..., userDataDir: C:\Users\kumar\AppData\Loca...}, goog:chromeOptions: {debuggerAddress: localhost:56602}, javascriptEnabled: true, networkConnectionEnabled: false, pageLoadStrategy: normal, platform: WINDOWS, platformName: WINDOWS, proxy: Proxy(), setWindowRect: true, strictFileInteractability: false, timeouts: {implicit: 0, pageLoad: 300000, script: 30000}, unhandledPromptBehavior: dismiss and notify, webauthn:extension:credBlob: true, webauthn:extension:largeBlob: true, webauthn:virtualAuthenticators: true}
Session ID: 0dc5e3609d581a9a79116bee3e704626">
      <![CDATA[org.openqa.selenium.WebDriverException: unknown error: net::ERR_NAME_NOT_RESOLVED
  (Session info: chrome=105.0.5195.127)
Build info: version: '3.11.0', revision: 'e59cfb3', time: '2018-03-11T20:26:55.152Z'
System info: host: 'DESKTOP-A2RUCRK', ip: '192.168.1.3', os.name: 'Windows 10', os.arch: 'amd64', os.version: '10.0', java.version: '18.0.1'
Driver info: org.openqa.selenium.chrome.ChromeDriver
Capabilities {acceptInsecureCerts: false, browserName: chrome, browserVersion: 105.0.5195.127, chrome: {chromedriverVersion: 104.0.5112.20 (9ac43f954ebb..., userDataDir: C:\Users\kumar\AppData\Loca...}, goog:chromeOptions: {debuggerAddress: localhost:56602}, javascriptEnabled: true, networkConnectionEnabled: false, pageLoadStrategy: normal, platform: WINDOWS, platformName: WINDOWS, proxy: Proxy(), setWindowRect: true, strictFileInteractability: false, timeouts: {implicit: 0, pageLoad: 300000, script: 30000}, unhandledPromptBehavior: dismiss and notify, webauthn:extension:credBlob: true, webauthn:extension:largeBlob: true, webauthn:virtualAuthenticators: true}
Session ID: 0dc5e3609d581a9a79116bee3e704626
at org.openqa.selenium.remote.http.W3CHttpResponseCodec.createException(W3CHttpResponseCodec.java:187)
at org.openqa.selenium.remote.http.W3CHttpResponseCodec.decode(W3CHttpResponseCodec.java:122)
at org.openqa.selenium.remote.http.W3CHttpResponseCodec.decode(W3CHttpResponseCodec.java:49)
at org.openqa.selenium.remote.HttpCommandExecutor.execute(HttpCommandExecutor.java:158)
at org.openqa.selenium.remote.service.DriverCommandExecutor.execute(DriverCommandExecutor.java:83)
at org.openqa.selenium.remote.RemoteWebDriver.execute(RemoteWebDriver.java:545)
at org.openqa.selenium.remote.RemoteWebDriver.get(RemoteWebDriver.java:273)
at testNg.Suiteexample.openyahoo(Suiteexample.java:32)
at java.base/java.util.ArrayList.forEach(ArrayList.java:1511)
... Removed 28 stack frames]]>
    </failure>
  </testcase> <!-- openyahoo -->
  <testcase classname="testNg.Driveacar" name="putsecondgear" time="0.037"/>
  <testcase classname="testNg.Driveacar" name="startthecar" time="0.017"/>
  <testcase classname="testNg.Driveacar" name="putthirdgear" time="0.004"/>
  <testcase classname="testNg.Driveacar" name="putfirstgear" time="0.004"/>
  <testcase classname="testNg.Driveacar" name="putfourthgear" time="0.003"/>
  <testcase classname="testNg.ParallelTesting" name="openbing" time="11.91"/>
  <testcase classname="testNg.ParallelTesting" name="opengoogle" time="27.416"/>
  <testcase classname="testNg.ParameterizationExample" name="apple1" time="0.002"/>
  <testcase classname="testNg.ParameterizationExample" name="apple2" time="0.003"/>
  <testcase classname="testNg.ParameterizationExample" name="vivo1" time="0.003"/>
  <testcase classname="testNg.ParameterizationExample" name="vivo2" time="0.003"/>
</testsuite> <!-- Test -->
